

Microchip MPLAB XC8 Assembler V2.46 build 20240104201356 
                                                                                                           Fri Jun 28 14:25:46 2024


     1                           	processor	16F676
     2                           	pagewidth 132
     3                           	psect	code,global,class=CODE,delta=2
     4                           	psect	powerup,global,class=CODE,delta=2
     5                           	psect	reset_vec,global,class=CODE,delta=2
     6                           	psect	maintext,global,class=CODE,delta=2
     7                           	psect	osccal,global,class=CODE,delta=2
     8                           	psect	eeprom_data,global,class=EEDATA,space=3,delta=2,noexec
     9                           	psect	intentry,global,class=CODE,delta=2
    10                           	psect	sivt,global,class=CODE,delta=2
    11                           	psect	functab,global,class=ENTRY,delta=2
    12                           	psect	init,global,class=CODE,delta=2
    13                           	psect	cinit,global,class=CODE,delta=2
    14                           	psect	text,global,class=CODE,delta=2
    15                           	psect	end_init,global,class=CODE,delta=2
    16                           	psect	clrtext,global,class=CODE,delta=2
    17                           	psect	strings,global,reloc=256,class=CODE,delta=2
    18                           	psect	stack,global,class=STACK,space=2,delta=1,noexec
    19                           	psect	heap,global,class=HEAP,space=7,delta=1,noexec
    20                           	psect	bank0,global,class=BANK0,space=1,delta=1
    21                           	psect	bank1,global,class=BANK1,space=1,delta=1
    22                           	psect	ram,global,class=RAM,space=1,delta=1
    23                           	psect	abs1,global,class=ABS1,space=1,delta=1
    24                           	psect	common,global,class=COMMON,space=1,delta=1
    25                           	psect	sfr0,global,class=SFR0,space=1,delta=1
    26                           	psect	sfr1,global,class=SFR1,space=1,delta=1
    27                           
    28                           	psect	reset_vec
    29     0000                     reset_vec:
    30                           
    31                           	psect	maintext
    32                           
    33                           ; Microchip MPLAB XC8 C Compiler V2.46
    34                           ; Copyright (C) 2024 Microchip Technology Inc.
    35                           ; Auto-generated runtime startup code for final link stage.
    36                           ;
    37                           ; Compiler options:
    38                           ;
    39                           ; ../main.c ../lib/TinyRF_TX.c ../lib/TinyRF.c
    40                           ;
    41     0000                     C	set	0
    42     0002                     Z	set	2
    43     0002                     PCL	set	2
    44     0000                     INDF	set	0
    45     0090                     
    46                           	psect	osccal
    47     03FF                     ___osccal_val:
    48                           
    49                           ;oscillator constant would be pre-programmed here
    50     000A                     
    51                           	psect	functab
    52     0000                     intlevel0:
    53     0000                     intlevel1:
    54     0000                     intlevel2:
    55     0000                     intlevel3:
    56     0000                     intlevel4:
    57     0000                     intlevel5:
    58                           
    59                           	psect	init
    60     0000                     start:
    61                           
    62                           	psect	end_init
    63     0000  1683               	bsf	3,5	;select bank 1
    64     0001  23FF               	fcall	___osccal_val
    65     0002  0090               	movwf	16
    66     0003  1283               	bcf	3,5	;select bank 0
    67     0004  2BFD               	ljmp	start_initialization	;jump to C runtime clear & initialization
    68                           
    69                           	psect	clrtext
    70     0004                     FSR	set	4
    71                           
    72                           	psect	strings
    73     0000                     
    74                           	psect	stack
    75     07FE                     ___sp:
    76     07FE                     ___int_sp:
    77     07FE                     ___stack_lo:
    78     07FE                     ___stack_hi:
    79     07FE                     ___int_stack_lo:
    80     07FE                     ___int_stack_hi:
    81                           
    82                           	psect	heap
    83                           
    84                           ; No powerup routine
    85                           ; No interrupt routine(s)
    86                           ; No heap to be allocated


Microchip Technology PIC Macro Assembler V2.46 build 20240104201356 
Symbol Table                                                                                               Fri Jun 28 14:25:46 2024

               ___sp 07FE                 _main 036F                 start 0000                STATUS 0003  
       ___osccal_val 03FF           ___stack_hi 07FE           ___stack_lo 07FE       ___int_stack_hi 07FE  
     ___int_stack_lo 07FE  start_initialization 03FD            ___heap_hi 0000            ___heap_lo 0000  
          ___stackhi 0000            ___stacklo 0000             ___int_sp 07FE             intlevel0 0000  
           intlevel1 0000             intlevel2 0000             intlevel3 0000             intlevel4 0000  
           intlevel5 0000             reset_vec 0000  
